
[debug] [2021-12-13T11:33:46.014Z] ----------------------------------------------------------------------
[debug] [2021-12-13T11:33:46.017Z] Command:       C:\Program Files\nodejs\node.exe C:\Users\samba\AppData\Roaming\npm\node_modules\firebase-tools\lib\bin\firebase.js init
[debug] [2021-12-13T11:33:46.017Z] CLI Version:   9.23.1
[debug] [2021-12-13T11:33:46.018Z] Platform:      win32
[debug] [2021-12-13T11:33:46.018Z] Node Version:  v14.16.0
[debug] [2021-12-13T11:33:46.019Z] Time:          Mon Dec 13 2021 12:33:46 GMT+0100 (heure normale d’Europe centrale)
[debug] [2021-12-13T11:33:46.020Z] ----------------------------------------------------------------------
[debug] 
[debug] [2021-12-13T11:33:46.024Z] >>> [apiv2][query] GET https://firebase-public.firebaseio.com/cli.json [none]
[debug] [2021-12-13T11:33:46.055Z] > command requires scopes: ["email","openid","https://www.googleapis.com/auth/cloudplatformprojects.readonly","https://www.googleapis.com/auth/firebase","https://www.googleapis.com/auth/cloud-platform"]
[debug] [2021-12-13T11:33:46.056Z] > authorizing via signed-in user (97samba@gmail.com)
[info] 
     ######## #### ########  ######## ########     ###     ######  ########
     ##        ##  ##     ## ##       ##     ##  ##   ##  ##       ##
     ######    ##  ########  ######   ########  #########  ######  ######
     ##        ##  ##    ##  ##       ##     ## ##     ##       ## ##
     ##       #### ##     ## ######## ########  ##     ##  ######  ########

You're about to initialize a Firebase project in this directory:

  C:\Users\samba\Documents\fastgp-desktop\Client

[debug] [2021-12-13T11:33:46.725Z] <<< [apiv2][status] GET https://firebase-public.firebaseio.com/cli.json 200
[debug] [2021-12-13T11:33:46.726Z] <<< [apiv2][body] GET https://firebase-public.firebaseio.com/cli.json {"cloudBuildErrorAfter":1594252800000,"cloudBuildWarnAfter":1590019200000,"defaultNode10After":1594252800000,"minVersion":"3.0.5","node8DeploysDisabledAfter":1613390400000,"node8RuntimeDisabledAfter":1615809600000,"node8WarnAfter":1600128000000}
[info] 
=== Project Setup
[info] 
[info] First, let's associate this project directory with a Firebase project.
[info] You can create multiple project aliases by running firebase use --add, 
[info] but for now we'll just set up a default project.
[info] 
[debug] [2021-12-13T11:36:28.079Z] > refreshing access token with scopes: []
[debug] [2021-12-13T11:36:28.079Z] >>> HTTP REQUEST POST https://www.googleapis.com/oauth2/v3/token  
 <request body omitted>
[debug] [2021-12-13T11:36:28.182Z] <<< HTTP RESPONSE 200 {"date":"Mon, 13 Dec 2021 11:36:28 GMT","cache-control":"no-cache, no-store, max-age=0, must-revalidate","pragma":"no-cache","expires":"Mon, 01 Jan 1990 00:00:00 GMT","content-type":"application/json; charset=utf-8","vary":"X-Origin, Referer, Origin,Accept-Encoding","server":"scaffolding on HTTPServer2","x-xss-protection":"0","x-frame-options":"SAMEORIGIN","x-content-type-options":"nosniff","alt-svc":"h3=\":443\"; ma=2592000,h3-29=\":443\"; ma=2592000,h3-Q050=\":443\"; ma=2592000,h3-Q046=\":443\"; ma=2592000,h3-Q043=\":443\"; ma=2592000,quic=\":443\"; ma=2592000; v=\"46,43\"","accept-ranges":"none","transfer-encoding":"chunked"}
[debug] [2021-12-13T11:36:28.202Z] >>> [apiv2][query] GET https://firebase.googleapis.com/v1beta1/projects pageSize=100
[debug] [2021-12-13T11:36:28.719Z] <<< [apiv2][status] GET https://firebase.googleapis.com/v1beta1/projects 200
[debug] [2021-12-13T11:36:28.720Z] <<< [apiv2][body] GET https://firebase.googleapis.com/v1beta1/projects [omitted]
[info] i  Using project fir-c69a6 (firebase) 
[info] 
=== Hosting:github Setup
[info] 
[info] i  Detected a .git folder at C:\Users\samba\Documents\fastgp-desktop 
[info] i  Authorizing with GitHub to upload your service account to a GitHub repository's secrets store. 
[info] 
[info] Visit this URL on this device to log in:
[info] https://github.com/login/oauth/authorize?client_id=89cf50f02ac6aaed3484&state=321306616&redirect_uri=http%3A%2F%2Flocalhost%3A9005&scope=read%3Auser%20repo%20public_repo
[info] 
[info] Waiting for authentication...
[debug] [2021-12-13T11:36:43.016Z] >>> HTTP REQUEST POST https://github.com/login/oauth/access_token  
 {"client_id":"89cf50f02ac6aaed3484","client_secret":"3330d14abc895d9a74d5f17cd7a00711fa2c5bf0","code":"f29cf80f82d39dbe0b10","redirect_uri":"http://localhost:9005","state":"321306616"}
[debug] [2021-12-13T11:36:43.353Z] <<< HTTP RESPONSE 200 {"server":"GitHub.com","date":"Mon, 13 Dec 2021 11:36:43 GMT","content-type":"application/json; charset=utf-8","transfer-encoding":"chunked","vary":"X-PJAX, X-PJAX-Container, Accept-Encoding, Accept, X-Requested-With","permissions-policy":"interest-cohort=()","etag":"W/\"da1fbf32704bfcf319a74848cd35fd32\"","cache-control":"max-age=0, private, must-revalidate","strict-transport-security":"max-age=31536000; includeSubdomains; preload","x-frame-options":"deny","x-content-type-options":"nosniff","x-xss-protection":"0","referrer-policy":"origin-when-cross-origin, strict-origin-when-cross-origin","expect-ct":"max-age=2592000, report-uri=\"https://api.github.com/_private/browser/errors\"","content-security-policy":"default-src 'none'; base-uri 'self'; block-all-mixed-content; child-src github.com/assets-cdn/worker/ gist.github.com/assets-cdn/worker/; connect-src 'self' uploads.github.com objects-origin.githubusercontent.com www.githubstatus.com collector.githubapp.com api.github.com github-cloud.s3.amazonaws.com github-production-repository-file-5c1aeb.s3.amazonaws.com github-production-upload-manifest-file-7fdce7.s3.amazonaws.com github-production-user-asset-6210df.s3.amazonaws.com cdn.optimizely.com logx.optimizely.com/v1/events translator.github.com wss://alive.github.com; font-src github.githubassets.com; form-action 'self' github.com gist.github.com objects-origin.githubusercontent.com; frame-ancestors 'none'; frame-src render.githubusercontent.com viewscreen.githubusercontent.com notebooks.githubusercontent.com; img-src 'self' data: github.githubassets.com identicons.github.com collector.githubapp.com github-cloud.s3.amazonaws.com secured-user-images.githubusercontent.com/ *.githubusercontent.com; manifest-src 'self'; media-src github.com user-images.githubusercontent.com/; script-src github.githubassets.com; style-src 'unsafe-inline' github.githubassets.com; worker-src github.com/assets-cdn/worker/ gist.github.com/assets-cdn/worker/","x-github-request-id":"C1B9:FDA7:129D6:13E4F:61B7304B"}
[debug] [2021-12-13T11:36:43.362Z] >>> [apiv2][query] GET https://api.github.com/user [none]
[debug] [2021-12-13T11:36:43.664Z] <<< [apiv2][status] GET https://api.github.com/user 200
[debug] [2021-12-13T11:36:43.665Z] <<< [apiv2][body] GET https://api.github.com/user {"login":"97samba","id":82648506,"node_id":"MDQ6VXNlcjgyNjQ4NTA2","avatar_url":"https://avatars.githubusercontent.com/u/82648506?v=4","gravatar_id":"","url":"https://api.github.com/users/97samba","html_url":"https://github.com/97samba","followers_url":"https://api.github.com/users/97samba/followers","following_url":"https://api.github.com/users/97samba/following{/other_user}","gists_url":"https://api.github.com/users/97samba/gists{/gist_id}","starred_url":"https://api.github.com/users/97samba/starred{/owner}{/repo}","subscriptions_url":"https://api.github.com/users/97samba/subscriptions","organizations_url":"https://api.github.com/users/97samba/orgs","repos_url":"https://api.github.com/users/97samba/repos","events_url":"https://api.github.com/users/97samba/events{/privacy}","received_events_url":"https://api.github.com/users/97samba/received_events","type":"User","site_admin":false,"name":null,"company":null,"blog":"","location":null,"email":null,"hireable":null,"bio":null,"twitter_username":null,"public_repos":5,"public_gists":0,"followers":0,"following":0,"created_at":"2021-04-16T09:42:05Z","updated_at":"2021-11-18T11:56:48Z","private_gists":0,"total_private_repos":0,"owned_private_repos":0,"disk_usage":95354,"collaborators":0,"two_factor_authentication":false,"plan":{"name":"free","space":976562499,"collaborators":0,"private_repos":10000}}
[info] 
[info] +  Success! Logged into GitHub as 97samba 
[info] 
[debug] [2021-12-13T11:37:32.429Z] >>> [apiv2][query] GET https://api.github.com/repos//actions/secrets/public-key type=owner
[debug] [2021-12-13T11:37:32.712Z] <<< [apiv2][status] GET https://api.github.com/repos//actions/secrets/public-key 404
[debug] [2021-12-13T11:37:32.712Z] <<< [apiv2][body] GET https://api.github.com/repos//actions/secrets/public-key {"message":"Not Found","documentation_url":"https://docs.github.com/rest"}
[debug] [2021-12-13T11:39:32.836Z] >>> [apiv2][query] GET https://api.github.com/repos//fastgp-desktop/actions/secrets/public-key type=owner
[debug] [2021-12-13T11:39:33.033Z] <<< [apiv2][status] GET https://api.github.com/repos//fastgp-desktop/actions/secrets/public-key 404
[debug] [2021-12-13T11:39:33.033Z] <<< [apiv2][body] GET https://api.github.com/repos//fastgp-desktop/actions/secrets/public-key {"message":"Not Found","documentation_url":"https://docs.github.com/rest"}
[debug] [2021-12-13T11:39:34.945Z] >>> [apiv2][query] GET https://api.github.com/repos//fastgp-desktop/actions/secrets/public-key type=owner
[debug] [2021-12-13T11:39:35.314Z] <<< [apiv2][status] GET https://api.github.com/repos//fastgp-desktop/actions/secrets/public-key 404
[debug] [2021-12-13T11:39:35.314Z] <<< [apiv2][body] GET https://api.github.com/repos//fastgp-desktop/actions/secrets/public-key {"message":"Not Found","documentation_url":"https://docs.github.com/rest"}
